<?xml version="1.0" encoding="UTF-8"?>
<!-- Generated by org.testng.reporters.JUnitXMLReporter -->
<testsuite hostname="BISHT" ignored="0" name="failing Testcase" tests="1" failures="1" timestamp="01 May 2019 16:10:53 GMT" time="0.01" errors="0">
  <testcase name="doLogin" time="0.003" classname="TestNG.TestFailure">
    <failure type="java.lang.AssertionError" message="Failing the login test">
      <![CDATA[java.lang.AssertionError: Failing the login test
at TestNG.TestFailure.doLogin(TestFailure.java:9)
... Removed 26 stack frames]]>
    </failure>
  </testcase> <!-- doLogin -->
</testsuite> <!-- failing Testcase -->
