<?xml version="1.0" encoding="UTF-8"?>
<!-- Generated by org.testng.reporters.JUnitXMLReporter -->
<testsuite hostname="BISHT" ignored="0" name="Login Test" tests="2" failures="1" timestamp="01 May 2019 16:10:48 GMT" time="6.422" errors="0">
  <testcase name="doLogin" time="6.103" classname="TestNG.TestCase1"/>
  <testcase name="ValidateTitle" time="0.027" classname="TestNG.TestCase1">
    <failure type="java.lang.AssertionError" message="The following asserts failed:
	expected [Sign in – Google accounts] but found [accounts.google.com]">
      <![CDATA[java.lang.AssertionError: The following asserts failed:
expected [Sign in – Google accounts] but found [accounts.google.com]
at TestNG.TestCase1.ValidateTitle(TestCase1.java:30)
... Removed 26 stack frames]]>
    </failure>
  </testcase> <!-- ValidateTitle -->
</testsuite> <!-- Login Test -->
